2025-11-21 16:46:55,478 - INFO - 🔌 使用代理: http://10.48.175.246:7897
2025-11-21 16:46:55,479 - INFO - ✅ 已配置代理会话
2025-11-21 16:46:56,232 - INFO - ✅ 币安连接成功（第1次尝试）
2025-11-21 16:46:56,233 - INFO - ⏰ 服务器时间: 2025-11-21 16:46:56
2025-11-21 16:46:56,233 - INFO - 🔌 通过代理连接
2025-11-21 16:46:56,246 - INFO - 📝 初始化新多币种策略
2025-11-21 16:46:56,246 - INFO - 🚀 DFA实盘交易系统初始化完成
2025-11-21 16:46:56,247 - INFO - 🚀 DFA动态定投实盘系统启动 - 本地代理测试
2025-11-21 16:46:56,247 - INFO - 💡 当前模式: 模拟交易（不会真实下单）
2025-11-21 16:46:56,386 - INFO - 💡 Dry Run模式 - 测试API连接
2025-11-21 16:47:00,893 - INFO - 💰 当前价格: $127.8000
2025-11-21 16:47:00,894 - INFO - 🟢 健康检查通过 - API连接正常
2025-11-21 16:47:00,895 - INFO - ⏰ 定时任务: 每天 20:00 执行策略检查
2025-11-21 16:47:00,895 - INFO - 🔄 立即执行首次策略检查...
2025-11-21 16:47:00,896 - INFO - ============================================================
2025-11-21 16:47:00,897 - INFO - 🔍 开始多币种策略检查
2025-11-21 16:47:00,897 - INFO - ============================================================
2025-11-21 16:47:00,898 - INFO - 
📊 处理 ETH/USDT...
2025-11-21 16:47:01,037 - INFO - 💰 当前价格: $2731.6500
2025-11-21 16:47:01,182 - INFO - 📊 MA120计算: 120天数据 (2025-07-25 到 2025-11-21)
2025-11-21 16:47:01,183 - INFO - 📈 MA120数值: $4043.7326
2025-11-21 16:47:01,184 - INFO -    当前价格: $2731.6500
2025-11-21 16:47:01,184 - INFO -    MA120: $4043.7326
2025-11-21 16:47:01,185 - INFO -    偏离度: -32.4%
2025-11-21 16:47:01,185 - INFO - 
📊 处理 SOL/USDT...
2025-11-21 16:47:01,319 - INFO - 💰 当前价格: $127.8000
2025-11-21 16:47:01,460 - INFO - 📊 MA120计算: 120天数据 (2025-07-25 到 2025-11-21)
2025-11-21 16:47:01,461 - INFO - 📈 MA120数值: $192.4843
2025-11-21 16:47:01,462 - INFO -    当前价格: $127.8000
2025-11-21 16:47:01,462 - INFO -    MA120: $192.4843
2025-11-21 16:47:01,463 - INFO -    偏离度: -33.6%
2025-11-21 16:47:01,463 - INFO - 
📊 处理 SUI/USDT...
2025-11-21 16:47:01,593 - INFO - 💰 当前价格: $1.3813
2025-11-21 16:47:01,944 - INFO - 📊 MA120计算: 120天数据 (2025-07-25 到 2025-11-21)
2025-11-21 16:47:01,945 - INFO - 📈 MA120数值: $3.0934
2025-11-21 16:47:01,946 - INFO -    当前价格: $1.3813
2025-11-21 16:47:01,946 - INFO -    MA120: $3.0934
2025-11-21 16:47:01,947 - INFO -    偏离度: -55.3%
2025-11-21 16:47:01,947 - INFO - 
🎯 执行 ETH/USDT 策略...
2025-11-21 16:47:01,948 - INFO -    ⏳ 减仓检查: 暂无持仓
2025-11-21 16:47:01,948 - INFO - 💡 模拟账户余额: 1000.00 USDT
2025-11-21 16:47:01,949 - INFO -    🎯 触发投资条件!
2025-11-21 16:47:01,950 - INFO -    投资金额: $61.74
2025-11-21 16:47:01,950 - INFO -    偏离程度: -32.4%
2025-11-21 16:47:01,951 - INFO - 💡 模拟买入: 0.0226 ETH/USDT @ $2731.6500
2025-11-21 16:47:01,951 - INFO - 💡 模拟金额: $61.74
2025-11-21 16:47:01,952 - INFO -    ✅ 第1期投资完成
2025-11-21 16:47:01,952 - INFO - 
🎯 执行 SOL/USDT 策略...
2025-11-21 16:47:01,952 - INFO -    ⏳ 减仓检查: 暂无持仓
2025-11-21 16:47:01,953 - INFO - 💡 模拟账户余额: 1000.00 USDT
2025-11-21 16:47:01,953 - INFO -    🎯 触发投资条件!
2025-11-21 16:47:01,954 - INFO -    投资金额: $61.60
2025-11-21 16:47:01,954 - INFO -    偏离程度: -33.6%
2025-11-21 16:47:01,954 - INFO - 💡 模拟买入: 0.4820 SOL/USDT @ $127.8000
2025-11-21 16:47:01,955 - INFO - 💡 模拟金额: $61.60
2025-11-21 16:47:01,955 - INFO -    ✅ 第1期投资完成
2025-11-21 16:47:01,955 - INFO - 
🎯 执行 SUI/USDT 策略...
2025-11-21 16:47:01,956 - INFO -    ⏳ 减仓检查: 暂无持仓
2025-11-21 16:47:01,956 - INFO - 💡 模拟账户余额: 1000.00 USDT
2025-11-21 16:47:01,956 - INFO -    🎯 触发投资条件!
2025-11-21 16:47:01,957 - INFO -    投资金额: $30.80
2025-11-21 16:47:01,957 - INFO -    偏离程度: -55.3%
2025-11-21 16:47:01,958 - INFO - 💡 模拟买入: 22.2978 SUI/USDT @ $1.3813
2025-11-21 16:47:01,958 - INFO - 💡 模拟金额: $30.80
2025-11-21 16:47:01,959 - INFO -    ✅ 第1期投资完成
2025-11-21 16:47:01,959 - INFO - 
📊 多币种投资组合详细报告
2025-11-21 16:47:01,960 - INFO - ==================================================
2025-11-21 16:47:01,960 - INFO - 
ETH/USDT:
2025-11-21 16:47:01,961 - INFO -    定投期数: 1 期
2025-11-21 16:47:01,962 - INFO -    持仓数量: 0.0226
2025-11-21 16:47:01,962 - INFO -    持仓成本: $61.74
2025-11-21 16:47:01,963 - INFO -    当前价值: $61.74
2025-11-21 16:47:01,964 - INFO -    浮动收益: 0.0%
2025-11-21 16:47:01,964 - INFO -    累计投资: $61.74
2025-11-21 16:47:01,964 - INFO -    累计卖出: $0.00
2025-11-21 16:47:01,965 - INFO -    总资产: $61.74
2025-11-21 16:47:01,965 - INFO -    总收益率: 0.0%
2025-11-21 16:47:01,966 - INFO - 
SOL/USDT:
2025-11-21 16:47:01,966 - INFO -    定投期数: 1 期
2025-11-21 16:47:01,966 - INFO -    持仓数量: 0.4820
2025-11-21 16:47:01,967 - INFO -    持仓成本: $61.60
2025-11-21 16:47:01,967 - INFO -    当前价值: $61.60
2025-11-21 16:47:01,968 - INFO -    浮动收益: 0.0%
2025-11-21 16:47:01,968 - INFO -    累计投资: $61.60
2025-11-21 16:47:01,969 - INFO -    累计卖出: $0.00
2025-11-21 16:47:01,969 - INFO -    总资产: $61.60
2025-11-21 16:47:01,969 - INFO -    总收益率: 0.0%
2025-11-21 16:47:01,970 - INFO - 
SUI/USDT:
2025-11-21 16:47:01,970 - INFO -    定投期数: 1 期
2025-11-21 16:47:01,970 - INFO -    持仓数量: 22.2978
2025-11-21 16:47:01,971 - INFO -    持仓成本: $30.80
2025-11-21 16:47:01,971 - INFO -    当前价值: $30.80
2025-11-21 16:47:01,971 - INFO -    浮动收益: 0.0%
2025-11-21 16:47:01,972 - INFO -    累计投资: $30.80
2025-11-21 16:47:01,972 - INFO -    累计卖出: $0.00
2025-11-21 16:47:01,972 - INFO -    总资产: $30.80
2025-11-21 16:47:01,973 - INFO -    总收益率: 0.0%
2025-11-21 16:47:01,973 - INFO - 
💰 总投资组合汇总:
2025-11-21 16:47:01,973 - INFO -    累计总投资: $154.13
2025-11-21 16:47:01,974 - INFO -    总资产价值: $154.13
2025-11-21 16:47:01,974 - INFO -    总投资收益率: 0.0%
2025-11-21 16:47:01,977 - INFO - ✅ 多币种策略检查完成

2025-11-21 16:47:01,977 - INFO - ⏳ 进入主循环，等待定时任务...
2025-11-21 16:50:54,483 - INFO - ⏹️ 用户手动停止系统
2025-11-21 16:50:54,485 - INFO - 🔚 系统停止运行
2025-11-21 16:51:13,522 - INFO - 🔌 使用代理: http://10.48.175.246:7897
2025-11-21 16:51:13,523 - INFO - ✅ 已配置代理会话
2025-11-21 16:51:14,197 - INFO - ✅ 币安连接成功（第1次尝试）
2025-11-21 16:51:14,198 - INFO - ⏰ 服务器时间: 2025-11-21 16:51:14
2025-11-21 16:51:14,199 - INFO - 🔌 通过代理连接
2025-11-21 16:51:14,211 - INFO - ✅ 多币种策略状态加载成功
2025-11-21 16:51:14,212 - INFO - 🚀 DFA实盘交易系统初始化完成
2025-11-21 16:51:14,212 - INFO - 🚀 DFA动态定投实盘系统启动 - 本地代理测试
2025-11-21 16:51:14,213 - INFO - 💡 当前模式: 模拟交易
2025-11-21 16:51:14,336 - INFO - 💡 Dry Run模式 - 测试API连接
2025-11-21 16:51:18,496 - INFO - 💰 当前价格: $127.8300
2025-11-21 16:51:18,497 - INFO - 🟢 健康检查通过 - API连接正常
2025-11-21 16:51:18,497 - INFO - ⏰ 定时任务: 每天 20:00 执行策略检查
2025-11-21 16:51:18,498 - INFO - 🔄 立即执行首次策略检查...
2025-11-21 16:51:18,498 - INFO - ============================================================
2025-11-21 16:51:18,499 - INFO - 🔍 开始多币种策略检查
2025-11-21 16:51:18,499 - INFO - ============================================================
2025-11-21 16:51:18,499 - INFO - 
📊 处理 ETH/USDT...
2025-11-21 16:51:18,629 - INFO - 💰 当前价格: $2729.9600
2025-11-21 16:51:18,773 - INFO - 📊 MA120计算: 120天数据 (2025-07-25 到 2025-11-21)
2025-11-21 16:51:18,774 - INFO - 📈 MA120数值: $4043.7184
2025-11-21 16:51:18,774 - INFO -    当前价格: $2729.9600
2025-11-21 16:51:18,775 - INFO -    MA120: $4043.7184
2025-11-21 16:51:18,775 - INFO -    偏离度: -32.5%
2025-11-21 16:51:18,776 - INFO - 
📊 处理 SOL/USDT...
2025-11-21 16:51:18,910 - INFO - 💰 当前价格: $127.8600
2025-11-21 16:51:19,043 - INFO - 📊 MA120计算: 120天数据 (2025-07-25 到 2025-11-21)
2025-11-21 16:51:19,044 - INFO - 📈 MA120数值: $192.4848
2025-11-21 16:51:19,044 - INFO -    当前价格: $127.8600
2025-11-21 16:51:19,045 - INFO -    MA120: $192.4848
2025-11-21 16:51:19,045 - INFO -    偏离度: -33.6%
2025-11-21 16:51:19,046 - INFO - 
📊 处理 SUI/USDT...
2025-11-21 16:51:19,171 - INFO - 💰 当前价格: $1.3791
2025-11-21 16:51:19,309 - INFO - 📊 MA120计算: 120天数据 (2025-07-25 到 2025-11-21)
2025-11-21 16:51:19,310 - INFO - 📈 MA120数值: $3.0934
2025-11-21 16:51:19,311 - INFO -    当前价格: $1.3791
2025-11-21 16:51:19,312 - INFO -    MA120: $3.0934
2025-11-21 16:51:19,312 - INFO -    偏离度: -55.4%
2025-11-21 16:51:19,313 - INFO - 
🎯 执行 ETH/USDT 策略...
2025-11-21 16:51:19,313 - INFO -    ⏳ 减仓检查: 收益率-0.1%未达标
2025-11-21 16:51:19,313 - INFO -    📅 非投资日，还需等待 14 天
2025-11-21 16:51:19,314 - INFO - 
🎯 执行 SOL/USDT 策略...
2025-11-21 16:51:19,314 - INFO -    ⏳ 减仓检查: 收益率0.0%未达标
2025-11-21 16:51:19,314 - INFO -    📅 非投资日，还需等待 14 天
2025-11-21 16:51:19,315 - INFO - 
🎯 执行 SUI/USDT 策略...
2025-11-21 16:51:19,315 - INFO -    ⏳ 减仓检查: 收益率-0.2%未达标
2025-11-21 16:51:19,315 - INFO -    📅 非投资日，还需等待 14 天
2025-11-21 16:51:19,316 - INFO - 
📊 多币种投资组合详细报告
2025-11-21 16:51:19,316 - INFO - ==================================================
2025-11-21 16:51:19,317 - INFO - 
ETH/USDT:
2025-11-21 16:51:19,317 - INFO -    定投期数: 1 期
2025-11-21 16:51:19,318 - INFO -    持仓数量: 0.0226
2025-11-21 16:51:19,318 - INFO -    持仓成本: $61.74
2025-11-21 16:51:19,319 - INFO -    当前价值: $61.70
2025-11-21 16:51:19,319 - INFO -    浮动收益: -0.1%
2025-11-21 16:51:19,320 - INFO -    累计投资: $61.74
2025-11-21 16:51:19,320 - INFO -    累计卖出: $0.00
2025-11-21 16:51:19,321 - INFO -    总资产: $61.70
2025-11-21 16:51:19,322 - INFO -    总收益率: -0.1%
2025-11-21 16:51:19,322 - INFO - 
SOL/USDT:
2025-11-21 16:51:19,322 - INFO -    定投期数: 1 期
2025-11-21 16:51:19,323 - INFO -    持仓数量: 0.4820
2025-11-21 16:51:19,323 - INFO -    持仓成本: $61.60
2025-11-21 16:51:19,324 - INFO -    当前价值: $61.63
2025-11-21 16:51:19,324 - INFO -    浮动收益: 0.0%
2025-11-21 16:51:19,325 - INFO -    累计投资: $61.60
2025-11-21 16:51:19,325 - INFO -    累计卖出: $0.00
2025-11-21 16:51:19,326 - INFO -    总资产: $61.63
2025-11-21 16:51:19,326 - INFO -    总收益率: 0.0%
2025-11-21 16:51:19,326 - INFO - 
SUI/USDT:
2025-11-21 16:51:19,326 - INFO -    定投期数: 1 期
2025-11-21 16:51:19,327 - INFO -    持仓数量: 22.2978
2025-11-21 16:51:19,327 - INFO -    持仓成本: $30.80
2025-11-21 16:51:19,328 - INFO -    当前价值: $30.75
2025-11-21 16:51:19,328 - INFO -    浮动收益: -0.2%
2025-11-21 16:51:19,329 - INFO -    累计投资: $30.80
2025-11-21 16:51:19,329 - INFO -    累计卖出: $0.00
2025-11-21 16:51:19,330 - INFO -    总资产: $30.75
2025-11-21 16:51:19,330 - INFO -    总收益率: -0.2%
2025-11-21 16:51:19,330 - INFO - 
💰 总投资组合汇总:
2025-11-21 16:51:19,330 - INFO -    累计总投资: $154.13
2025-11-21 16:51:19,331 - INFO -    总资产价值: $154.08
2025-11-21 16:51:19,331 - INFO -    总投资收益率: -0.0%
2025-11-21 16:51:19,333 - INFO - ✅ 多币种策略检查完成

2025-11-21 16:51:19,333 - INFO - ⏳ 进入主循环，等待定时任务...
2025-11-21 16:54:02,421 - INFO - ⏹️ 用户手动停止系统
2025-11-21 16:54:02,423 - INFO - 🔚 系统停止运行
2025-11-21 16:55:07,268 - INFO - 🔌 使用代理: http://10.48.175.246:7897
2025-11-21 16:55:07,269 - INFO - ✅ 已配置代理会话
2025-11-21 16:55:07,994 - INFO - ✅ 币安连接成功（第1次尝试）
2025-11-21 16:55:07,995 - INFO - ⏰ 服务器时间: 2025-11-21 16:55:07
2025-11-21 16:55:07,995 - INFO - 🔌 通过代理连接
2025-11-21 16:55:07,999 - INFO - ✅ 多币种策略状态加载成功
2025-11-21 16:55:08,001 - INFO - 🚀 DFA实盘交易系统初始化完成
2025-11-21 16:55:08,001 - INFO - 🚀 DFA动态定投实盘系统启动 - 本地代理测试
2025-11-21 16:55:08,002 - INFO - 💡 当前模式: 模拟交易
2025-11-21 16:55:08,126 - INFO - 💡 Dry Run模式 - 测试API连接
2025-11-21 16:55:12,696 - INFO - 💰 当前价格: $127.9400
2025-11-21 16:55:12,698 - INFO - 🟢 健康检查通过 - API连接正常
2025-11-21 16:55:12,699 - INFO - ⏰ 定时任务: 每天 20:00 执行策略检查
2025-11-21 16:55:12,699 - INFO - 🔄 立即执行首次策略检查...
2025-11-21 16:55:12,701 - INFO - ============================================================
2025-11-21 16:55:12,701 - INFO - 🔍 开始多币种策略检查
2025-11-21 16:55:12,702 - INFO - ============================================================
2025-11-21 16:55:12,702 - INFO - 
📊 处理 ETH/USDT...
2025-11-21 16:55:12,826 - INFO - 💰 当前价格: $2737.0300
2025-11-21 16:55:12,960 - INFO - 📊 MA120计算: 120天数据 (2025-07-25 到 2025-11-21)
2025-11-21 16:55:12,960 - INFO - 📈 MA120数值: $4043.7803
2025-11-21 16:55:12,961 - INFO -    当前价格: $2737.0300
2025-11-21 16:55:12,962 - INFO -    MA120: $4043.7803
2025-11-21 16:55:12,962 - INFO -    偏离度: -32.3%
2025-11-21 16:55:12,963 - INFO - 
📊 处理 SOL/USDT...
2025-11-21 16:55:13,092 - INFO - 💰 当前价格: $127.9400
2025-11-21 16:55:13,227 - INFO - 📊 MA120计算: 120天数据 (2025-07-25 到 2025-11-21)
2025-11-21 16:55:13,228 - INFO - 📈 MA120数值: $192.4854
2025-11-21 16:55:13,229 - INFO -    当前价格: $127.9400
2025-11-21 16:55:13,229 - INFO -    MA120: $192.4854
2025-11-21 16:55:13,230 - INFO -    偏离度: -33.5%
2025-11-21 16:55:13,230 - INFO - 
📊 处理 SUI/USDT...
2025-11-21 16:55:13,360 - INFO - 💰 当前价格: $1.3843
2025-11-21 16:55:13,493 - INFO - 📊 MA120计算: 120天数据 (2025-07-25 到 2025-11-21)
2025-11-21 16:55:13,493 - INFO - 📈 MA120数值: $3.0934
2025-11-21 16:55:13,494 - INFO -    当前价格: $1.3843
2025-11-21 16:55:13,495 - INFO -    MA120: $3.0934
2025-11-21 16:55:13,495 - INFO -    偏离度: -55.3%
2025-11-21 16:55:13,496 - INFO - 
🎯 执行 ETH/USDT 策略...
2025-11-21 16:55:13,497 - INFO -    ⏳ 减仓检查: 收益率0.2%未达标
2025-11-21 16:55:13,497 - INFO -    📅 非投资日，还需等待 14 天
2025-11-21 16:55:13,498 - INFO - 
🎯 执行 SOL/USDT 策略...
2025-11-21 16:55:13,498 - INFO -    ⏳ 减仓检查: 收益率0.1%未达标
2025-11-21 16:55:13,499 - INFO -    📅 非投资日，还需等待 14 天
2025-11-21 16:55:13,499 - INFO - 
🎯 执行 SUI/USDT 策略...
2025-11-21 16:55:13,500 - INFO -    ⏳ 减仓检查: 收益率0.2%未达标
2025-11-21 16:55:13,500 - INFO -    📅 非投资日，还需等待 14 天
2025-11-21 16:55:13,501 - INFO - 
📊 多币种投资组合详细报告
2025-11-21 16:55:13,501 - INFO - ==================================================
2025-11-21 16:55:13,502 - INFO - 
ETH/USDT:
2025-11-21 16:55:13,502 - INFO -    定投期数: 1 期
2025-11-21 16:55:13,503 - INFO -    持仓数量: 0.0226
2025-11-21 16:55:13,504 - INFO -    持仓成本: $61.74
2025-11-21 16:55:13,504 - INFO -    当前价值: $61.86
2025-11-21 16:55:13,504 - INFO -    浮动收益: 0.2%
2025-11-21 16:55:13,505 - INFO -    累计投资: $61.74
2025-11-21 16:55:13,505 - INFO -    累计卖出: $0.00
2025-11-21 16:55:13,506 - INFO -    总资产: $61.86
2025-11-21 16:55:13,506 - INFO -    总收益率: 0.2%
2025-11-21 16:55:13,507 - INFO - 
SOL/USDT:
2025-11-21 16:55:13,507 - INFO -    定投期数: 1 期
2025-11-21 16:55:13,507 - INFO -    持仓数量: 0.4820
2025-11-21 16:55:13,508 - INFO -    持仓成本: $61.60
2025-11-21 16:55:13,508 - INFO -    当前价值: $61.67
2025-11-21 16:55:13,509 - INFO -    浮动收益: 0.1%
2025-11-21 16:55:13,509 - INFO -    累计投资: $61.60
2025-11-21 16:55:13,510 - INFO -    累计卖出: $0.00
2025-11-21 16:55:13,510 - INFO -    总资产: $61.67
2025-11-21 16:55:13,511 - INFO -    总收益率: 0.1%
2025-11-21 16:55:13,511 - INFO - 
SUI/USDT:
2025-11-21 16:55:13,512 - INFO -    定投期数: 1 期
2025-11-21 16:55:13,512 - INFO -    持仓数量: 22.2978
2025-11-21 16:55:13,512 - INFO -    持仓成本: $30.80
2025-11-21 16:55:13,513 - INFO -    当前价值: $30.87
2025-11-21 16:55:13,513 - INFO -    浮动收益: 0.2%
2025-11-21 16:55:13,513 - INFO -    累计投资: $30.80
2025-11-21 16:55:13,514 - INFO -    累计卖出: $0.00
2025-11-21 16:55:13,514 - INFO -    总资产: $30.87
2025-11-21 16:55:13,515 - INFO -    总收益率: 0.2%
2025-11-21 16:55:13,515 - INFO - 
💰 总投资组合汇总:
2025-11-21 16:55:13,516 - INFO -    累计总投资: $154.13
2025-11-21 16:55:13,517 - INFO -    总资产价值: $154.39
2025-11-21 16:55:13,517 - INFO -    总投资收益率: 0.2%
2025-11-21 16:55:13,520 - INFO - ✅ 多币种策略检查完成

2025-11-21 16:55:13,520 - INFO - ⏳ 进入主循环，等待定时任务...
2025-11-21 16:57:16,883 - INFO - ⏹️ 用户手动停止系统
2025-11-21 16:57:16,884 - INFO - 🔚 系统停止运行
2025-11-21 16:57:22,600 - INFO - 🔌 使用代理: http://10.48.175.246:7897
2025-11-21 16:57:22,602 - INFO - ✅ 已配置代理会话
2025-11-21 16:57:23,259 - INFO - ✅ 币安连接成功（第1次尝试）
2025-11-21 16:57:23,260 - INFO - ⏰ 服务器时间: 2025-11-21 16:57:23
2025-11-21 16:57:23,261 - INFO - 🔌 通过代理连接
2025-11-21 16:57:23,265 - INFO - 📝 初始化新多币种策略
2025-11-21 16:57:23,265 - INFO - 🚀 DFA实盘交易系统初始化完成
2025-11-21 16:57:23,266 - INFO - 🚀 DFA动态定投实盘系统启动 - 本地代理测试
2025-11-21 16:57:23,266 - INFO - 💡 当前模式: 模拟交易
2025-11-21 16:57:23,396 - INFO - 💡 Dry Run模式 - 测试API连接
2025-11-21 16:57:27,726 - INFO - 💰 当前价格: $128.3000
2025-11-21 16:57:27,726 - INFO - 🟢 健康检查通过 - API连接正常
2025-11-21 16:57:27,728 - INFO - ⏰ 定时任务: 每天 20:00 执行策略检查
2025-11-21 16:57:27,728 - INFO - 🔄 立即执行首次策略检查...
2025-11-21 16:57:27,729 - INFO - ============================================================
2025-11-21 16:57:27,729 - INFO - 🔍 开始多币种策略检查
2025-11-21 16:57:27,730 - INFO - ============================================================
2025-11-21 16:57:27,730 - INFO - 
📊 处理 ETH/USDT...
2025-11-21 16:57:27,870 - INFO - 💰 当前价格: $2745.1500
2025-11-21 16:57:28,027 - INFO - 📊 MA120计算: 120天数据 (2025-07-25 到 2025-11-21)
2025-11-21 16:57:28,028 - INFO - 📈 MA120数值: $4043.8447
2025-11-21 16:57:28,028 - INFO -    当前价格: $2745.1500
2025-11-21 16:57:28,029 - INFO -    MA120: $4043.8447
2025-11-21 16:57:28,029 - INFO -    偏离度: -32.1%
2025-11-21 16:57:28,030 - INFO - 
📊 处理 SOL/USDT...
2025-11-21 16:57:28,160 - INFO - 💰 当前价格: $128.3000
2025-11-21 16:57:28,300 - INFO - 📊 MA120计算: 120天数据 (2025-07-25 到 2025-11-21)
2025-11-21 16:57:28,301 - INFO - 📈 MA120数值: $192.4884
2025-11-21 16:57:28,301 - INFO -    当前价格: $128.3000
2025-11-21 16:57:28,302 - INFO -    MA120: $192.4884
2025-11-21 16:57:28,302 - INFO -    偏离度: -33.3%
2025-11-21 16:57:28,303 - INFO - 
📊 处理 SUI/USDT...
2025-11-21 16:57:28,433 - INFO - 💰 当前价格: $1.3908
2025-11-21 16:57:28,574 - INFO - 📊 MA120计算: 120天数据 (2025-07-25 到 2025-11-21)
2025-11-21 16:57:28,576 - INFO - 📈 MA120数值: $3.0935
2025-11-21 16:57:28,576 - INFO -    当前价格: $1.3908
2025-11-21 16:57:28,577 - INFO -    MA120: $3.0935
2025-11-21 16:57:28,577 - INFO -    偏离度: -55.0%
2025-11-21 16:57:28,578 - INFO - 
🎯 执行 ETH/USDT 策略...
2025-11-21 16:57:28,578 - INFO -    ⏳ 减仓检查: 暂无持仓
2025-11-21 16:57:28,578 - INFO - 💡 模拟账户余额: 1000.00 USDT
2025-11-21 16:57:28,579 - INFO -    🎯 触发投资条件!
2025-11-21 16:57:28,579 - INFO -    投资金额: $44.75
2025-11-21 16:57:28,579 - INFO -    偏离程度: -32.1%
2025-11-21 16:57:28,580 - INFO - 💡 模拟买入: 0.0163 ETH/USDT @ $2745.1500
2025-11-21 16:57:28,581 - INFO - 💡 模拟金额: $44.75
2025-11-21 16:57:28,581 - INFO -    ✅ 第1期投资完成
2025-11-21 16:57:28,581 - INFO - 
🎯 执行 SOL/USDT 策略...
2025-11-21 16:57:28,582 - INFO -    ⏳ 减仓检查: 暂无持仓
2025-11-21 16:57:28,582 - INFO - 💡 模拟账户余额: 1000.00 USDT
2025-11-21 16:57:28,583 - INFO -    🎯 触发投资条件!
2025-11-21 16:57:28,583 - INFO -    投资金额: $44.80
2025-11-21 16:57:28,584 - INFO -    偏离程度: -33.3%
2025-11-21 16:57:28,584 - INFO - 💡 模拟买入: 0.3492 SOL/USDT @ $128.3000
2025-11-21 16:57:28,585 - INFO - 💡 模拟金额: $44.80
2025-11-21 16:57:28,586 - INFO -    ✅ 第1期投资完成
2025-11-21 16:57:28,586 - INFO - 
🎯 执行 SUI/USDT 策略...
2025-11-21 16:57:28,587 - INFO -    ⏳ 减仓检查: 暂无持仓
2025-11-21 16:57:28,587 - INFO - 💡 模拟账户余额: 1000.00 USDT
2025-11-21 16:57:28,588 - INFO -    🎯 触发投资条件!
2025-11-21 16:57:28,588 - INFO -    投资金额: $22.40
2025-11-21 16:57:28,589 - INFO -    偏离程度: -55.0%
2025-11-21 16:57:28,589 - INFO - 💡 模拟买入: 16.1058 SUI/USDT @ $1.3908
2025-11-21 16:57:28,590 - INFO - 💡 模拟金额: $22.40
2025-11-21 16:57:28,590 - INFO -    ✅ 第1期投资完成
2025-11-21 16:57:28,591 - INFO - 
📊 多币种投资组合详细报告
2025-11-21 16:57:28,591 - INFO - ==================================================
2025-11-21 16:57:28,592 - INFO - 
ETH/USDT:
2025-11-21 16:57:28,592 - INFO -    定投期数: 1 期
2025-11-21 16:57:28,593 - INFO -    持仓数量: 0.0163
2025-11-21 16:57:28,593 - INFO -    持仓成本: $44.75
2025-11-21 16:57:28,593 - INFO -    当前价值: $44.75
2025-11-21 16:57:28,594 - INFO -    浮动收益: 0.0%
2025-11-21 16:57:28,594 - INFO -    累计投资: $44.75
2025-11-21 16:57:28,595 - INFO -    累计卖出: $0.00
2025-11-21 16:57:28,595 - INFO -    总资产: $44.75
2025-11-21 16:57:28,595 - INFO -    总收益率: 0.0%
2025-11-21 16:57:28,596 - INFO - 
SOL/USDT:
2025-11-21 16:57:28,596 - INFO -    定投期数: 1 期
2025-11-21 16:57:28,597 - INFO -    持仓数量: 0.3492
2025-11-21 16:57:28,597 - INFO -    持仓成本: $44.80
2025-11-21 16:57:28,597 - INFO -    当前价值: $44.80
2025-11-21 16:57:28,598 - INFO -    浮动收益: 0.0%
2025-11-21 16:57:28,598 - INFO -    累计投资: $44.80
2025-11-21 16:57:28,599 - INFO -    累计卖出: $0.00
2025-11-21 16:57:28,599 - INFO -    总资产: $44.80
2025-11-21 16:57:28,600 - INFO -    总收益率: 0.0%
2025-11-21 16:57:28,600 - INFO - 
SUI/USDT:
2025-11-21 16:57:28,601 - INFO -    定投期数: 1 期
2025-11-21 16:57:28,601 - INFO -    持仓数量: 16.1058
2025-11-21 16:57:28,601 - INFO -    持仓成本: $22.40
2025-11-21 16:57:28,602 - INFO -    当前价值: $22.40
2025-11-21 16:57:28,602 - INFO -    浮动收益: 0.0%
2025-11-21 16:57:28,603 - INFO -    累计投资: $22.40
2025-11-21 16:57:28,603 - INFO -    累计卖出: $0.00
2025-11-21 16:57:28,604 - INFO -    总资产: $22.40
2025-11-21 16:57:28,605 - INFO -    总收益率: 0.0%
2025-11-21 16:57:28,605 - INFO - 
💰 总投资组合汇总:
2025-11-21 16:57:28,605 - INFO -    累计总投资: $111.95
2025-11-21 16:57:28,606 - INFO -    总资产价值: $111.95
2025-11-21 16:57:28,606 - INFO -    总投资收益率: 0.0%
2025-11-21 16:57:28,608 - INFO - ✅ 多币种策略检查完成

2025-11-21 16:57:28,609 - INFO - ⏳ 进入主循环，等待定时任务...
